1598817284470	geckodriver	INFO	Listening on 127.0.0.1:57661
1598817285510	mozrunner::runner	INFO	Running command: "C:\\Program Files\\Mozilla Firefox\\firefox.exe" "--marionette" "-foreground" "-no-remote" "-profile" "C:\\Users\\jamie\\AppData\\Local\\Temp\\rust_mozprofileRfoHR9"
JavaScript error: resource://gre/modules/XULStore.jsm, line 66: Error: Can't find profile directory.
console.error: SearchCache: "_readCacheFile: Error reading cache file:" (new Error("", "(unknown module)"))
1598817288165	Marionette	INFO	Listening on port 57667
1598817288188	Marionette	WARN	TLS certificate errors will be ignored for this session
JavaScript error: resource://devtools/client/fronts/node.js, line 404: TypeError: this.parentFront is null
JavaScript error: resource://devtools/client/fronts/node.js, line 404: TypeError: this.parentFront is null
JavaScript error: resource://devtools/client/fronts/node.js, line 404: TypeError: this.parentFront is null
JavaScript error: resource://devtools/client/fronts/node.js, line 404: TypeError: this.parentFront is null
JavaScript error: resource://devtools/client/fronts/node.js, line 404: TypeError: this.parentFront is null
JavaScript error: resource:///modules/sessionstore/SessionSaver.jsm, line 53: Error: TelemetryStopwatch: key "FX_SESSION_RESTORE_COLLECT_DATA_MS" was already initialized
JavaScript error: resource:///modules/sessionstore/SessionStore.jsm, line 4093: Error: TelemetryStopwatch: key "FX_SESSION_RESTORE_COLLECT_ALL_WINDOWS_DATA_MS" was already initialized
JavaScript error: resource:///modules/sessionstore/SessionStore.jsm, line 4112: Error: TelemetryStopwatch: finishing nonexisting stopwatch. Histogram: "FX_SESSION_RESTORE_COLLECT_ALL_WINDOWS_DATA_MS", key: ""
JavaScript error: resource:///modules/sessionstore/SessionSaver.jsm, line 53: Error: TelemetryStopwatch: finishing nonexisting stopwatch. Histogram: "FX_SESSION_RESTORE_COLLECT_DATA_MS", key: ""
JavaScript error: resource:///modules/sessionstore/SessionStore.jsm, line 4108: TypeError: this._windows[window.__SSi] is undefined
1598817524554	Marionette	INFO	Stopped listening on port 57667

###!!! [Child][RunMessage] Error: Channel closing: too late to send/recv, messages will be lost


###!!! [Child][MessageChannel::SendAndWait] Error: Channel error: cannot send/recv

1598821038502	geckodriver	INFO	Listening on 127.0.0.1:58463
1598821039517	mozrunner::runner	INFO	Running command: "C:\\Program Files\\Mozilla Firefox\\firefox.exe" "--marionette" "-foreground" "-no-remote" "-profile" "C:\\Users\\jamie\\AppData\\Local\\Temp\\rust_mozprofileD3rmix"
JavaScript error: resource://gre/modules/XULStore.jsm, line 66: Error: Can't find profile directory.
console.error: SearchCache: "_readCacheFile: Error reading cache file:" (new Error("", "(unknown module)"))
1598821042214	Marionette	INFO	Listening on port 58469
1598821042672	Marionette	WARN	TLS certificate errors will be ignored for this session
1598821893479	geckodriver	INFO	Listening on 127.0.0.1:58793
1598821894507	mozrunner::runner	INFO	Running command: "C:\\Program Files\\Mozilla Firefox\\firefox.exe" "--marionette" "-foreground" "-no-remote" "-profile" "C:\\Users\\jamie\\AppData\\Local\\Temp\\rust_mozprofileIX3foj"
JavaScript error: resource://gre/modules/XULStore.jsm, line 66: Error: Can't find profile directory.
console.error: SearchCache: "_readCacheFile: Error reading cache file:" (new Error("", "(unknown module)"))
1598821897216	Marionette	INFO	Listening on port 58799
1598821897664	Marionette	WARN	TLS certificate errors will be ignored for this session
1598821943023	Marionette	INFO	Stopped listening on port 58469

###!!! [Child][RunMessage] Error: Channel closing: too late to send/recv, messages will be lost


###!!! [Child][MessageChannel::SendAndWait] Error: Channel error: cannot send/recv

1598821994708	geckodriver	INFO	Listening on 127.0.0.1:58917
1598821995744	mozrunner::runner	INFO	Running command: "C:\\Program Files\\Mozilla Firefox\\firefox.exe" "--marionette" "-foreground" "-no-remote" "-profile" "C:\\Users\\jamie\\AppData\\Local\\Temp\\rust_mozprofileG8ohYJ"
JavaScript error: resource://gre/modules/XULStore.jsm, line 66: Error: Can't find profile directory.
console.error: SearchCache: "_readCacheFile: Error reading cache file:" (new Error("", "(unknown module)"))
1598821998204	Marionette	INFO	Listening on port 58924
1598821998395	Marionette	WARN	TLS certificate errors will be ignored for this session
1598822109685	geckodriver	INFO	Listening on 127.0.0.1:59040
1598822110723	mozrunner::runner	INFO	Running command: "C:\\Program Files\\Mozilla Firefox\\firefox.exe" "--marionette" "-foreground" "-no-remote" "-profile" "C:\\Users\\jamie\\AppData\\Local\\Temp\\rust_mozprofileKNRZga"
JavaScript error: resource://gre/modules/XULStore.jsm, line 66: Error: Can't find profile directory.
console.error: SearchCache: "_readCacheFile: Error reading cache file:" (new Error("", "(unknown module)"))
1598822113173	Marionette	INFO	Listening on port 59046
1598822113355	Marionette	WARN	TLS certificate errors will be ignored for this session
1598822126877	Marionette	INFO	Stopped listening on port 58799

###!!! [Child][RunMessage] Error: Channel closing: too late to send/recv, messages will be lost


###!!! [Child][MessageChannel::SendAndWait] Error: Channel error: cannot send/recv

1598822425369	geckodriver	INFO	Listening on 127.0.0.1:59180
1598822426406	mozrunner::runner	INFO	Running command: "C:\\Program Files\\Mozilla Firefox\\firefox.exe" "--marionette" "-foreground" "-no-remote" "-profile" "C:\\Users\\jamie\\AppData\\Local\\Temp\\rust_mozprofilezVigKE"
JavaScript error: resource://gre/modules/XULStore.jsm, line 66: Error: Can't find profile directory.
console.error: SearchCache: "_readCacheFile: Error reading cache file:" (new Error("", "(unknown module)"))
1598822428809	Marionette	INFO	Listening on port 59186
1598822429067	Marionette	WARN	TLS certificate errors will be ignored for this session
1598822922206	geckodriver	INFO	Listening on 127.0.0.1:59334
1598822923227	mozrunner::runner	INFO	Running command: "C:\\Program Files\\Mozilla Firefox\\firefox.exe" "--marionette" "-foreground" "-no-remote" "-profile" "C:\\Users\\jamie\\AppData\\Local\\Temp\\rust_mozprofileiQADSk"
JavaScript error: resource://gre/modules/XULStore.jsm, line 66: Error: Can't find profile directory.
console.error: SearchCache: "_readCacheFile: Error reading cache file:" (new Error("", "(unknown module)"))
1598822925707	Marionette	INFO	Listening on port 59340
1598822925861	Marionette	WARN	TLS certificate errors will be ignored for this session
JavaScript error: chrome://marionette/content/proxy.js, line 222: TypeError: this.browser.driver.dialogObserver is null
1598823003808	geckodriver	INFO	Listening on 127.0.0.1:59420
1598823004833	mozrunner::runner	INFO	Running command: "C:\\Program Files\\Mozilla Firefox\\firefox.exe" "--marionette" "-foreground" "-no-remote" "-profile" "C:\\Users\\jamie\\AppData\\Local\\Temp\\rust_mozprofileWCdrF6"
JavaScript error: resource://gre/modules/XULStore.jsm, line 66: Error: Can't find profile directory.
console.error: SearchCache: "_readCacheFile: Error reading cache file:" (new Error("", "(unknown module)"))
1598823007311	Marionette	INFO	Listening on port 59428
1598823007477	Marionette	WARN	TLS certificate errors will be ignored for this session
JavaScript error: chrome://marionette/content/proxy.js, line 222: TypeError: this.browser.driver.dialogObserver is null
1598823067044	geckodriver	INFO	Listening on 127.0.0.1:59497
1598823068072	mozrunner::runner	INFO	Running command: "C:\\Program Files\\Mozilla Firefox\\firefox.exe" "--marionette" "-foreground" "-no-remote" "-profile" "C:\\Users\\jamie\\AppData\\Local\\Temp\\rust_mozprofileqjieyA"
JavaScript error: resource://gre/modules/XULStore.jsm, line 66: Error: Can't find profile directory.
console.error: SearchCache: "_readCacheFile: Error reading cache file:" (new Error("", "(unknown module)"))
1598823070651	Marionette	INFO	Listening on port 59503
1598823070723	Marionette	WARN	TLS certificate errors will be ignored for this session
1598823133153	geckodriver	INFO	Listening on 127.0.0.1:59601
1598823134183	mozrunner::runner	INFO	Running command: "C:\\Program Files\\Mozilla Firefox\\firefox.exe" "--marionette" "-foreground" "-no-remote" "-profile" "C:\\Users\\jamie\\AppData\\Local\\Temp\\rust_mozprofiledR2aEi"
JavaScript error: resource://gre/modules/XULStore.jsm, line 66: Error: Can't find profile directory.
console.error: SearchCache: "_readCacheFile: Error reading cache file:" (new Error("", "(unknown module)"))
1598823136754	Marionette	INFO	Listening on port 59607
1598823136865	Marionette	WARN	TLS certificate errors will be ignored for this session
1598823241439	geckodriver	INFO	Listening on 127.0.0.1:59680
1598823242455	mozrunner::runner	INFO	Running command: "C:\\Program Files\\Mozilla Firefox\\firefox.exe" "--marionette" "-foreground" "-no-remote" "-profile" "C:\\Users\\jamie\\AppData\\Local\\Temp\\rust_mozprofilets6l03"
JavaScript error: resource://gre/modules/XULStore.jsm, line 66: Error: Can't find profile directory.
console.error: SearchCache: "_readCacheFile: Error reading cache file:" (new Error("", "(unknown module)"))
1598823244832	Marionette	INFO	Listening on port 59686
1598823245120	Marionette	WARN	TLS certificate errors will be ignored for this session
1598823423056	geckodriver	INFO	Listening on 127.0.0.1:59784
1598823424085	mozrunner::runner	INFO	Running command: "C:\\Program Files\\Mozilla Firefox\\firefox.exe" "--marionette" "-foreground" "-no-remote" "-profile" "C:\\Users\\jamie\\AppData\\Local\\Temp\\rust_mozprofile3UzRaC"
JavaScript error: resource://gre/modules/XULStore.jsm, line 66: Error: Can't find profile directory.
console.error: SearchCache: "_readCacheFile: Error reading cache file:" (new Error("", "(unknown module)"))
1598823426633	Marionette	INFO	Listening on port 59790
1598823562744	geckodriver	INFO	Listening on 127.0.0.1:59932
1598823563773	mozrunner::runner	INFO	Running command: "C:\\Program Files\\Mozilla Firefox\\firefox.exe" "--marionette" "-foreground" "-no-remote" "-profile" "C:\\Users\\jamie\\AppData\\Local\\Temp\\rust_mozprofilef1SqGw"
JavaScript error: resource://gre/modules/XULStore.jsm, line 66: Error: Can't find profile directory.
console.error: SearchCache: "_readCacheFile: Error reading cache file:" (new Error("", "(unknown module)"))
1598823566242	Marionette	INFO	Listening on port 59939
1598823566443	Marionette	WARN	TLS certificate errors will be ignored for this session
JavaScript error: resource://gre/actors/PictureInPictureChild.jsm, line 143: InvalidStateError: An attempt was made to use an object that is not, or is no longer, usable
JavaScript error: resource://gre/actors/PictureInPictureChild.jsm, line 143: InvalidStateError: An attempt was made to use an object that is not, or is no longer, usable
JavaScript error: chrome://marionette/content/proxy.js, line 222: TypeError: this.browser.driver.dialogObserver is null

###!!! [Child][RunMessage] Error: Channel closing: too late to send/recv, messages will be lost

JavaScript error: chrome://marionette/content/proxy.js, line 222: TypeError: this.browser.driver.dialogObserver is null
[Parent 33732, Gecko_IOThread] WARNING: file /builds/worker/checkouts/gecko/ipc/chromium/src/base/process_util_win.cc, line 166
[Parent 9896, Gecko_IOThread] WARNING: file /builds/worker/checkouts/gecko/ipc/chromium/src/base/process_util_win.cc, line 166
[Parent 33076, Gecko_IOThread] WARNING: file /builds/worker/checkouts/gecko/ipc/chromium/src/base/process_util_win.cc, line 166
[Parent 24488, Gecko_IOThread] WARNING: file /builds/worker/checkouts/gecko/ipc/chromium/src/base/process_util_win.cc, line 166
1598824593645	Marionette	INFO	Stopped listening on port 59939

###!!! [Child][RunMessage] Error: Channel closing: too late to send/recv, messages will be lost


###!!! [Child][MessageChannel::SendAndWait] Error: Channel error: cannot send/recv

1598824593793	Marionette	INFO	Stopped listening on port 59428
1598824593809	Marionette	INFO	Stopped listening on port 59790

###!!! [Child][RunMessage] Error: Channel closing: too late to send/recv, messages will be lost

1598824593817	Marionette	INFO	Stopped listening on port 59607

###!!! [Child][RunMessage] Error: Channel closing: too late to send/recv, messages will be lost


###!!! [Child][MessageChannel::SendAndWait] Error: Channel error: cannot send/recv


###!!! [Child][MessageChannel::SendAndWait] Error: Channel error: cannot send/recv

1598824593892	Marionette	INFO	Stopped listening on port 59186
1598824593896	Marionette	INFO	Stopped listening on port 59686

###!!! [Child][RunMessage] Error: Channel closing: too late to send/recv, messages will be lost

1598824593914	Marionette	INFO	Stopped listening on port 59503
1598824593917	Marionette	INFO	Stopped listening on port 59340

###!!! [Child][RunMessage] Error: Channel closing: too late to send/recv, messages will be lost


###!!! [Child][MessageChannel::SendAndWait] Error: Channel error: cannot send/recv

1598824593952	Marionette	INFO	Stopped listening on port 58924
1598824593953	Marionette	INFO	Stopped listening on port 59046

###!!! [Child][RunMessage] Error: Channel closing: too late to send/recv, messages will be lost


###!!! [Child][RunMessage] Error: Channel closing: too late to send/recv, messages will be lost


###!!! [Child][MessageChannel::SendAndWait] Error: Channel error: cannot send/recv


###!!! [Child][MessageChannel::SendAndWait] Error: Channel error: cannot send/recv


###!!! [Child][MessageChannel::SendAndWait] Error: Channel error: cannot send/recv


###!!! [Child][MessageChannel::SendAndWait] Error: Channel error: cannot send/recv


###!!! [Child][MessageChannel::SendAndWait] Error: Channel error: cannot send/recv


###!!! [Child][MessageChannel::SendAndWait] Error: Channel error: cannot send/recv

1598824752142	geckodriver	INFO	Listening on 127.0.0.1:60228
1598824753167	mozrunner::runner	INFO	Running command: "C:\\Program Files\\Mozilla Firefox\\firefox.exe" "--marionette" "-foreground" "-no-remote" "-profile" "C:\\Users\\jamie\\AppData\\Local\\Temp\\rust_mozprofile2ecXTv"
JavaScript error: resource://gre/modules/XULStore.jsm, line 66: Error: Can't find profile directory.
console.error: SearchCache: "_readCacheFile: Error reading cache file:" (new Error("", "(unknown module)"))
1598824755657	Marionette	INFO	Listening on port 60236
1598824755821	Marionette	WARN	TLS certificate errors will be ignored for this session
1598826330343	geckodriver	INFO	Listening on 127.0.0.1:60411
1598826331357	mozrunner::runner	INFO	Running command: "C:\\Program Files\\Mozilla Firefox\\firefox.exe" "--marionette" "-foreground" "-no-remote" "-profile" "C:\\Users\\jamie\\AppData\\Local\\Temp\\rust_mozprofileml785z"
JavaScript error: resource://gre/modules/XULStore.jsm, line 66: Error: Can't find profile directory.
console.error: SearchCache: "_readCacheFile: Error reading cache file:" (new Error("", "(unknown module)"))
1598826333862	Marionette	INFO	Listening on port 60417
1598826334031	Marionette	WARN	TLS certificate errors will be ignored for this session
JavaScript error: resource://gre/actors/PictureInPictureChild.jsm, line 143: InvalidStateError: An attempt was made to use an object that is not, or is no longer, usable
JavaScript error: resource://gre/actors/PictureInPictureChild.jsm, line 143: InvalidStateError: An attempt was made to use an object that is not, or is no longer, usable
JavaScript error: resource://gre/actors/PictureInPictureChild.jsm, line 143: InvalidStateError: An attempt was made to use an object that is not, or is no longer, usable
JavaScript error: resource://gre/actors/PictureInPictureChild.jsm, line 143: InvalidStateError: An attempt was made to use an object that is not, or is no longer, usable
JavaScript error: resource://gre/actors/PictureInPictureChild.jsm, line 143: InvalidStateError: An attempt was made to use an object that is not, or is no longer, usable
JavaScript error: resource://gre/actors/PictureInPictureChild.jsm, line 143: InvalidStateError: An attempt was made to use an object that is not, or is no longer, usable
JavaScript error: resource://gre/actors/PictureInPictureChild.jsm, line 143: InvalidStateError: An attempt was made to use an object that is not, or is no longer, usable
JavaScript error: resource://gre/actors/PictureInPictureChild.jsm, line 143: InvalidStateError: An attempt was made to use an object that is not, or is no longer, usable
JavaScript error: resource://gre/actors/PictureInPictureChild.jsm, line 143: InvalidStateError: An attempt was made to use an object that is not, or is no longer, usable
JavaScript error: resource://gre/actors/PictureInPictureChild.jsm, line 143: InvalidStateError: An attempt was made to use an object that is not, or is no longer, usable
JavaScript error: resource://gre/actors/PictureInPictureChild.jsm, line 143: InvalidStateError: An attempt was made to use an object that is not, or is no longer, usable
JavaScript error: resource://gre/actors/PictureInPictureChild.jsm, line 143: InvalidStateError: An attempt was made to use an object that is not, or is no longer, usable
JavaScript error: resource://gre/actors/PictureInPictureChild.jsm, line 143: InvalidStateError: An attempt was made to use an object that is not, or is no longer, usable
JavaScript error: resource://gre/actors/PictureInPictureChild.jsm, line 143: InvalidStateError: An attempt was made to use an object that is not, or is no longer, usable
JavaScript error: resource://gre/actors/PictureInPictureChild.jsm, line 143: InvalidStateError: An attempt was made to use an object that is not, or is no longer, usable
1598828459931	geckodriver	INFO	Listening on 127.0.0.1:61078
1598828460952	mozrunner::runner	INFO	Running command: "C:\\Program Files\\Mozilla Firefox\\firefox.exe" "--marionette" "-foreground" "-no-remote" "-profile" "C:\\Users\\jamie\\AppData\\Local\\Temp\\rust_mozprofileV5q1n4"
JavaScript error: resource://gre/modules/XULStore.jsm, line 66: Error: Can't find profile directory.
console.error: SearchCache: "_readCacheFile: Error reading cache file:" (new Error("", "(unknown module)"))
1598828463312	Marionette	INFO	Listening on port 61084
1598828463612	Marionette	WARN	TLS certificate errors will be ignored for this session
JavaScript error: resource://gre/actors/PictureInPictureChild.jsm, line 143: InvalidStateError: An attempt was made to use an object that is not, or is no longer, usable
JavaScript error: resource://gre/actors/PictureInPictureChild.jsm, line 143: InvalidStateError: An attempt was made to use an object that is not, or is no longer, usable
JavaScript error: resource://gre/actors/PictureInPictureChild.jsm, line 143: InvalidStateError: An attempt was made to use an object that is not, or is no longer, usable
1598828672638	Marionette	INFO	Stopped listening on port 60236

###!!! [Child][RunMessage] Error: Channel closing: too late to send/recv, messages will be lost

1598828672674	Marionette	INFO	Stopped listening on port 61084
1598828672677	Marionette	INFO	Stopped listening on port 60417

###!!! [Child][RunMessage] Error: Channel closing: too late to send/recv, messages will be lost


###!!! [Child][RunMessage] Error: Channel closing: too late to send/recv, messages will be lost


###!!! [Child][MessageChannel::SendAndWait] Error: Channel error: cannot send/recv


###!!! [Child][MessageChannel::SendAndWait] Error: Channel error: cannot send/recv


###!!! [Child][MessageChannel::SendAndWait] Error: Channel error: cannot send/recv

